<?xml version="1.0" encoding="UTF-8"?>
<testng-results skipped="0" failed="0" total="2" passed="2">
  <reporter-output>
  </reporter-output>
  <suite name="Suite" duration-ms="36744" started-at="2020-08-27T20:37:47Z" finished-at="2020-08-27T20:38:23Z">
    <groups>
    </groups>
    <test name="Test" duration-ms="36744" started-at="2020-08-27T20:37:47Z" finished-at="2020-08-27T20:38:23Z">
      <class name="RegressionTest.MobilePriceCheck">
        <test-method status="PASS" signature="clearOldResults(java.lang.String, java.lang.String, java.lang.String)[pri:0, instance:RegressionTest.MobilePriceCheck@5ad851c9]" name="clearOldResults" is-config="true" duration-ms="13" started-at="2020-08-28T02:07:47Z" finished-at="2020-08-28T02:07:47Z">
          <params>
            <param index="0">
              <value>
                <![CDATA[./src/test/resources/TestData/TestData.xlsx]]>
              </value>
            </param>
            <param index="1">
              <value>
                <![CDATA[./src/test/resources/Results]]>
              </value>
            </param>
            <param index="2">
              <value>
                <![CDATA[./src/test/resources/Screenshots]]>
              </value>
            </param>
          </params>
          <reporter-output>
          </reporter-output>
        </test-method> <!-- clearOldResults -->
        <test-method status="PASS" signature="loadFlipkartPage(java.lang.String)[pri:0, instance:RegressionTest.MobilePriceCheck@5ad851c9]" name="loadFlipkartPage" is-config="true" duration-ms="8171" started-at="2020-08-28T02:07:47Z" finished-at="2020-08-28T02:07:56Z">
          <params>
            <param index="0">
              <value>
                <![CDATA[https://www.flipkart.com/]]>
              </value>
            </param>
          </params>
          <reporter-output>
          </reporter-output>
        </test-method> <!-- loadFlipkartPage -->
        <test-method status="PASS" signature="getMobilePriceDetails(java.lang.String, java.lang.String, java.lang.String, java.lang.String, java.lang.String, java.lang.String, org.testng.ITestContext)[pri:0, instance:RegressionTest.MobilePriceCheck@5ad851c9]" name="getMobilePriceDetails" duration-ms="7177" started-at="2020-08-28T02:07:56Z" data-provider="SearchParameters" finished-at="2020-08-28T02:08:03Z">
          <params>
            <param index="0">
              <value>
                <![CDATA[samsung]]>
              </value>
            </param>
            <param index="1">
              <value>
                <![CDATA[samsung mobiles]]>
              </value>
            </param>
            <param index="2">
              <value>
                <![CDATA[4 GB]]>
              </value>
            </param>
            <param index="3">
              <value>
                <![CDATA[Min]]>
              </value>
            </param>
            <param index="4">
              <value>
                <![CDATA[?50000]]>
              </value>
            </param>
            <param index="5">
              <value>
                <![CDATA[Snapdragon]]>
              </value>
            </param>
            <param index="6">
              <value>
                <![CDATA[org.testng.TestRunner@5b58ed3c]]>
              </value>
            </param>
          </params>
          <reporter-output>
          </reporter-output>
        </test-method> <!-- getMobilePriceDetails -->
        <test-method status="PASS" signature="closeBrowser()[pri:0, instance:RegressionTest.MobilePriceCheck@5ad851c9]" name="closeBrowser" is-config="true" duration-ms="221" started-at="2020-08-28T02:08:05Z" finished-at="2020-08-28T02:08:05Z">
          <reporter-output>
          </reporter-output>
        </test-method> <!-- closeBrowser -->
        <test-method status="PASS" signature="loadFlipkartPage(java.lang.String)[pri:0, instance:RegressionTest.MobilePriceCheck@5ad851c9]" name="loadFlipkartPage" is-config="true" duration-ms="7388" started-at="2020-08-28T02:08:05Z" finished-at="2020-08-28T02:08:12Z">
          <params>
            <param index="0">
              <value>
                <![CDATA[https://www.flipkart.com/]]>
              </value>
            </param>
          </params>
          <reporter-output>
          </reporter-output>
        </test-method> <!-- loadFlipkartPage -->
        <test-method status="PASS" signature="getMobilePriceDetails(java.lang.String, java.lang.String, java.lang.String, java.lang.String, java.lang.String, java.lang.String, org.testng.ITestContext)[pri:0, instance:RegressionTest.MobilePriceCheck@5ad851c9]" name="getMobilePriceDetails" duration-ms="8966" started-at="2020-08-28T02:08:12Z" data-provider="SearchParameters" finished-at="2020-08-28T02:08:21Z">
          <params>
            <param index="0">
              <value>
                <![CDATA[samsung]]>
              </value>
            </param>
            <param index="1">
              <value>
                <![CDATA[samsung mobiles]]>
              </value>
            </param>
            <param index="2">
              <value>
                <![CDATA[3 GB]]>
              </value>
            </param>
            <param index="3">
              <value>
                <![CDATA[?2000]]>
              </value>
            </param>
            <param index="4">
              <value>
                <![CDATA[?30000]]>
              </value>
            </param>
            <param index="5">
              <value>
                <![CDATA[Exynos]]>
              </value>
            </param>
            <param index="6">
              <value>
                <![CDATA[org.testng.TestRunner@5b58ed3c]]>
              </value>
            </param>
          </params>
          <reporter-output>
          </reporter-output>
        </test-method> <!-- getMobilePriceDetails -->
        <test-method status="PASS" signature="closeBrowser()[pri:0, instance:RegressionTest.MobilePriceCheck@5ad851c9]" name="closeBrowser" is-config="true" duration-ms="209" started-at="2020-08-28T02:08:23Z" finished-at="2020-08-28T02:08:23Z">
          <reporter-output>
          </reporter-output>
        </test-method> <!-- closeBrowser -->
      </class> <!-- RegressionTest.MobilePriceCheck -->
    </test> <!-- Test -->
  </suite> <!-- Suite -->
</testng-results>
